<?xml version="1.0" encoding="UTF-8"?>
<testng-results ignored="0" total="0" passed="0" failed="0" skipped="0">
  <reporter-output>
  </reporter-output>
  <suite started-at="2024-02-01T21:54:10 PKT" name="Suite" finished-at="2024-02-01T21:54:11 PKT" duration-ms="241">
    <groups>
      <group name="cucumber">
        <method signature="AbstractTestNGCucumberTests.runScenario(io.cucumber.testng.PickleWrapper,io.cucumber.testng.FeatureWrapper)[pri:0, instance:app.Runner@1b7cc17c]" name="runScenario" class="io.cucumber.testng.AbstractTestNGCucumberTests"/>
      </group> <!-- cucumber -->
    </groups>
    <test started-at="2024-02-01T21:54:10 PKT" name="Complete test run" finished-at="2024-02-01T21:54:11 PKT" duration-ms="241">
      <class name="app.Runner">
        <test-method is-config="true" signature="setUpClass(org.testng.ITestContext)[pri:0, instance:app.Runner@1b7cc17c]" started-at="2024-02-01T21:54:10 PKT" name="setUpClass" finished-at="2024-02-01T21:54:11 PKT" duration-ms="187" status="PASS">
          <params>
            <param index="0">
              <value>
                <![CDATA[org.testng.TestRunner@624ea235]]>
              </value>
            </param>
          </params>
          <reporter-output>
          </reporter-output>
        </test-method> <!-- setUpClass -->
        <test-method is-config="true" signature="tearDownClass()[pri:0, instance:app.Runner@1b7cc17c]" started-at="2024-02-01T21:54:11 PKT" name="tearDownClass" finished-at="2024-02-01T21:54:11 PKT" duration-ms="3" status="PASS">
          <reporter-output>
          </reporter-output>
        </test-method> <!-- tearDownClass -->
      </class> <!-- app.Runner -->
    </test> <!-- Complete test run -->
  </suite> <!-- Suite -->
</testng-results>
